<?xml version="1.0" encoding="UTF-8"?>
<!-- Generated by org.testng.reporters.JUnitReportReporter -->
<testsuite hostname="tucana" name="com.clueride.service.LocationServiceTest" tests="1" failures="0" timestamp="28 Aug 2015 01:05:03 GMT" time="1.145" errors="0">
  <testcase name="addNewLocation" time="1.145" classname="com.clueride.service.LocationServiceTest"/>
</testsuite> <!-- com.clueride.service.LocationServiceTest -->
